0 info it worked if it ends with ok
1 verbose cli [ '/usr/local/bin/node',
1 verbose cli   '/usr/local/bin/npm',
1 verbose cli   'install',
1 verbose cli   'zerorpc' ]
2 info using npm@1.2.15
3 info using node@v0.10.2
4 verbose read json /home/pi/dontpanic/package.json
5 verbose read json /home/pi/dontpanic/node_modules/ejs/package.json
6 verbose read json /home/pi/dontpanic/node_modules/express/package.json
7 verbose read json /home/pi/dontpanic/node_modules/mysql/package.json
8 verbose read json /home/pi/dontpanic/node_modules/node-uuid/package.json
9 verbose read json /home/pi/dontpanic/node_modules/socket.io/package.json
10 verbose read json /home/pi/dontpanic/node_modules/yuidocjs/package.json
11 verbose from cache /home/pi/dontpanic/package.json
12 verbose readDependencies using package.json deps
13 verbose cache add [ 'zerorpc', null ]
14 verbose cache add name=undefined spec="zerorpc" args=["zerorpc",null]
15 verbose parsed url { protocol: null,
15 verbose parsed url   slashes: null,
15 verbose parsed url   auth: null,
15 verbose parsed url   host: null,
15 verbose parsed url   port: null,
15 verbose parsed url   hostname: null,
15 verbose parsed url   hash: null,
15 verbose parsed url   search: null,
15 verbose parsed url   query: null,
15 verbose parsed url   pathname: 'zerorpc',
15 verbose parsed url   path: 'zerorpc',
15 verbose parsed url   href: 'zerorpc' }
16 silly lockFile 97cd84c6-zerorpc zerorpc
17 verbose lock zerorpc /root/.npm/97cd84c6-zerorpc.lock
18 silly lockFile 97cd84c6-zerorpc zerorpc
19 silly lockFile 97cd84c6-zerorpc zerorpc
20 verbose addNamed [ 'zerorpc', '' ]
21 verbose addNamed [ null, '' ]
22 silly lockFile 866fe8e6-zerorpc zerorpc@
23 verbose lock zerorpc@ /root/.npm/866fe8e6-zerorpc.lock
24 silly addNameRange { name: 'zerorpc', range: '', hasData: false }
25 verbose url raw zerorpc
26 verbose url resolving [ 'https://registry.npmjs.org/', './zerorpc' ]
27 verbose url resolved https://registry.npmjs.org/zerorpc
28 info trying registry request attempt 1 at 11:33:07
29 verbose etag "A7FYSJDM7BMYGU75JH2IEDARW"
30 http GET https://registry.npmjs.org/zerorpc
31 http 304 https://registry.npmjs.org/zerorpc
32 silly registry.get cb [ 304,
32 silly registry.get   { server: 'CouchDB/1.3.0 (Erlang OTP/R15B03)',
32 silly registry.get     etag: '"A7FYSJDM7BMYGU75JH2IEDARW"',
32 silly registry.get     date: 'Fri, 28 Jun 2013 09:33:08 GMT',
32 silly registry.get     'content-length': '0' } ]
33 verbose etag zerorpc from cache
34 silly addNameRange number 2 { name: 'zerorpc', range: '', hasData: true }
35 silly addNameRange versions [ 'zerorpc',
35 silly addNameRange   [ '0.1.0',
35 silly addNameRange     '0.2.0',
35 silly addNameRange     '0.3.0',
35 silly addNameRange     '0.4.0',
35 silly addNameRange     '0.5.0',
35 silly addNameRange     '0.6.0',
35 silly addNameRange     '0.6.1',
35 silly addNameRange     '0.7.0',
35 silly addNameRange     '0.7.1',
35 silly addNameRange     '0.7.2',
35 silly addNameRange     '0.7.3',
35 silly addNameRange     '0.7.4',
35 silly addNameRange     '0.8.0',
35 silly addNameRange     '0.8.1',
35 silly addNameRange     '0.8.2',
35 silly addNameRange     '0.8.3',
35 silly addNameRange     '0.8.4',
35 silly addNameRange     '0.8.5',
35 silly addNameRange     '0.8.6',
35 silly addNameRange     '0.8.7',
35 silly addNameRange     '0.8.8',
35 silly addNameRange     '0.9.0',
35 silly addNameRange     '0.9.1',
35 silly addNameRange     '0.9.2',
35 silly addNameRange     '0.9.3' ] ]
36 verbose addNamed [ 'zerorpc', '0.9.3' ]
37 verbose addNamed [ '0.9.3', '0.9.3' ]
38 silly lockFile 5245d2b3-zerorpc-0-9-3 zerorpc@0.9.3
39 verbose lock zerorpc@0.9.3 /root/.npm/5245d2b3-zerorpc-0-9-3.lock
40 verbose read json /root/.npm/zerorpc/0.9.3/package/package.json
41 silly lockFile 5245d2b3-zerorpc-0-9-3 zerorpc@0.9.3
42 silly lockFile 5245d2b3-zerorpc-0-9-3 zerorpc@0.9.3
43 silly lockFile 866fe8e6-zerorpc zerorpc@
44 silly lockFile 866fe8e6-zerorpc zerorpc@
45 silly resolved [ { name: 'zerorpc',
45 silly resolved     version: '0.9.3',
45 silly resolved     main: './index.js',
45 silly resolved     author: { name: 'dotCloud', email: 'opensource@dotcloud.com' },
45 silly resolved     description: 'A port of ZeroRPC to node.js',
45 silly resolved     contributors: [ [Object], [Object] ],
45 silly resolved     repository: { type: 'git', url: 'https://github.com/dotcloud/zerorpc-node' },
45 silly resolved     keywords: [ 'zerorpc', 'rpc', 'distributed', 'communication' ],
45 silly resolved     dependencies:
45 silly resolved      { underscore: '1.3.3',
45 silly resolved        msgpack: '0.1.8',
45 silly resolved        'node-uuid': '1.3.3',
45 silly resolved        zmq: '2.x' },
45 silly resolved     devDependencies: { nodeunit: '0.7.4' },
45 silly resolved     license: 'MIT',
45 silly resolved     readme: 'zerorpc-node\n============\n\nZeroRPC is a communication layer for distributed systems. zerorpc-node is a port of the original [ZeroRPC](https://github.com/dotcloud/zerorpc-python) for node.js. We have full client and server support for version 3 of the protocol, and clients/servers written in the Python version can communicate transparently with those written in node.js. This project is alpha.\n\nTo install the package:\n\n    npm install zerorpc\n\nIf you get the error `Package libzmq was not found`, take a look at [the fix for zeromq.node](https://github.com/JustinTulloss/zeromq.node/issues/55). If you get the error `Unable to load shared library <<path to zeromq.node>>/binding.node`, [make sure you run ldconfig](https://github.com/JustinTulloss/zeromq.node/issues/85). If that still doesn\'t work, check out [this ticket](https://github.com/JustinTulloss/zeromq.node/issues/92).\n\nServers\n-------\n\nTo create a new server:\n\n    var zerorpc = require("zerorpc");\n    var server = new zerorpc.Server(context);\n\nThe constructor takes in a context object with the functions to expose over RPC. Only functions that do not have a leading underscore will be exposed. Each exposed method must take in a callback as the last argument. This callback is called as `callback(error, response, more)` when there is a new update, where error is an error object or string, response is the new update, and more is a boolean specifying whether new updates will be available later. `error`, `response`, and `more` default to falsy values, so e.g. simply calling `callback()` closes an open stream, since `more` is false by default.\n\nEvents:\n\n* `error` - When an error occurs.\n\nMethods:\n\n* `bind(endpoint)` - Binds the server to the specified ZeroMQ endpoint.\n* `connect(endpoint)` - Connects the server to the specified ZeroMQ endpoint.\n* `close()` - Closes the ZeroMQ socket.\n\nFull example:\n\n    var zerorpc = require("zerorpc");\n\n    var server = new zerorpc.Server({\n        addMan: function(sentence, reply) {\n            reply(null, sentence + ", man!");\n        },\n\n        add42: function(n, reply) {\n            reply(null, n + 42);\n        },\n\n        iter: function(from, to, step, reply) {\n            for(i=from; i<to; i+=step) {\n                reply(null, i, true);\n            }\n\n            reply();\n        }\n    });\n\n    server.bind("tcp://0.0.0.0:4242");\n\n    server.on("error", function(error) {\n        console.error("RPC server error:", error);\n    });\n\nClients\n-------\n\nTo create a new client:\n\n    var zerorpc = require("zerorpc");\n    var client = new zerorpc.Client(options);\n\nThe constructor optionally takes in an options object. Allowable options:\n\n* `timeout` (number) - Sets the number of seconds to wait for a response before considering the call timed out. Defaults to 30.\n\nEvents:\n\n* `error` - When an error occurs.\n\nMethods:\n\n* `bind(endpoint)` - Binds the client to the specified ZeroMQ endpoint.\n* `connect(endpoint)` - Connects the client to the specified ZeroMQ endpoint.\n* `close()` - Closes the ZeroMQ socket.\n* `invoke(method, arguments..., callback)` - Invokes a remote method.\n  * `method` is the method name.\n  * `callback` is a method to call when there is an update. This callback is called as `callback(error, response, more)`, where error is an error object, response is the new update, and more is a boolean specifying whether new updates will be available later (i.e. whether the response is streaming).\n\nFull example:\n\n    var zerorpc = require("zerorpc");\n\n    var client = new zerorpc.Client();\n    client.connect("tcp://127.0.0.1:4242");\n\n    client.on("error", function(error) {\n        console.error("RPC client error:", error);\n    });\n\n    client.invoke("iter", 10, 20, 2, function(error, res, more) {\n        if(error) {\n            console.error(error);\n        } else {\n            console.log("UPDATE:", res);\n        }\n\n        if(!more) {\n            console.log("Done.");\n        }\n    });',
45 silly resolved     readmeFilename: 'README.md',
45 silly resolved     _id: 'zerorpc@0.9.3',
45 silly resolved     _from: 'zerorpc@' } ]
46 info install zerorpc@0.9.3 into /home/pi/dontpanic
47 info installOne zerorpc@0.9.3
48 verbose from cache /root/.npm/zerorpc/0.9.3/package/package.json
49 info /home/pi/dontpanic/node_modules/zerorpc unbuild
50 verbose read json /home/pi/dontpanic/node_modules/zerorpc/package.json
51 verbose tar unpack /root/.npm/zerorpc/0.9.3/package.tgz
52 silly lockFile abfac47a-i-dontpanic-node-modules-zerorpc /home/pi/dontpanic/node_modules/zerorpc
53 verbose lock /home/pi/dontpanic/node_modules/zerorpc /root/.npm/abfac47a-i-dontpanic-node-modules-zerorpc.lock
54 silly lockFile 3a73a3ff-ot-npm-zerorpc-0-9-3-package-tgz /root/.npm/zerorpc/0.9.3/package.tgz
55 verbose lock /root/.npm/zerorpc/0.9.3/package.tgz /root/.npm/3a73a3ff-ot-npm-zerorpc-0-9-3-package-tgz.lock
56 silly gunzTarPerm modes [ '755', '644' ]
57 silly gunzTarPerm extractEntry package.json
58 silly gunzTarPerm extractEntry .npmignore
59 silly gunzTarPerm extractEntry README.md
60 silly gunzTarPerm extractEntry LICENSE
61 silly gunzTarPerm extractEntry index.js
62 silly gunzTarPerm extractEntry lib/buffer.js
63 silly gunzTarPerm extractEntry lib/channel.js
64 silly gunzTarPerm extractEntry lib/client.js
65 silly gunzTarPerm extractEntry lib/events.js
66 silly gunzTarPerm extractEntry lib/middleware.js
67 silly gunzTarPerm extractEntry lib/server.js
68 silly gunzTarPerm extractEntry lib/socket.js
69 silly gunzTarPerm extractEntry lib/util.js
70 silly gunzTarPerm extractEntry test/buffers.js
71 silly gunzTarPerm extractEntry test/errors.js
72 silly gunzTarPerm extractEntry test/heartbeats.js
73 silly gunzTarPerm extractEntry test/invocation.js
74 silly gunzTarPerm extractEntry test/repro-10.js
75 silly gunzTarPerm extractEntry test/streams.js
76 silly gunzTarPerm extractEntry test/timeouts.js
77 verbose read json /home/pi/dontpanic/node_modules/zerorpc/package.json
78 silly lockFile abfac47a-i-dontpanic-node-modules-zerorpc /home/pi/dontpanic/node_modules/zerorpc
79 silly lockFile abfac47a-i-dontpanic-node-modules-zerorpc /home/pi/dontpanic/node_modules/zerorpc
80 silly lockFile 3a73a3ff-ot-npm-zerorpc-0-9-3-package-tgz /root/.npm/zerorpc/0.9.3/package.tgz
81 silly lockFile 3a73a3ff-ot-npm-zerorpc-0-9-3-package-tgz /root/.npm/zerorpc/0.9.3/package.tgz
82 info preinstall zerorpc@0.9.3
83 verbose from cache /home/pi/dontpanic/node_modules/zerorpc/package.json
84 verbose readDependencies using package.json deps
85 verbose from cache /home/pi/dontpanic/node_modules/zerorpc/package.json
86 verbose readDependencies using package.json deps
87 verbose cache add [ 'underscore@1.3.3', null ]
88 verbose cache add name=undefined spec="underscore@1.3.3" args=["underscore@1.3.3",null]
89 verbose parsed url { protocol: null,
89 verbose parsed url   slashes: null,
89 verbose parsed url   auth: null,
89 verbose parsed url   host: null,
89 verbose parsed url   port: null,
89 verbose parsed url   hostname: null,
89 verbose parsed url   hash: null,
89 verbose parsed url   search: null,
89 verbose parsed url   query: null,
89 verbose parsed url   pathname: 'underscore@1.3.3',
89 verbose parsed url   path: 'underscore@1.3.3',
89 verbose parsed url   href: 'underscore@1.3.3' }
90 verbose cache add name="underscore" spec="1.3.3" args=["underscore","1.3.3"]
91 verbose parsed url { protocol: null,
91 verbose parsed url   slashes: null,
91 verbose parsed url   auth: null,
91 verbose parsed url   host: null,
91 verbose parsed url   port: null,
91 verbose parsed url   hostname: null,
91 verbose parsed url   hash: null,
91 verbose parsed url   search: null,
91 verbose parsed url   query: null,
91 verbose parsed url   pathname: '1.3.3',
91 verbose parsed url   path: '1.3.3',
91 verbose parsed url   href: '1.3.3' }
92 verbose addNamed [ 'underscore', '1.3.3' ]
93 verbose addNamed [ '1.3.3', '1.3.3' ]
94 silly lockFile 99e765c4-underscore-1-3-3 underscore@1.3.3
95 verbose lock underscore@1.3.3 /root/.npm/99e765c4-underscore-1-3-3.lock
96 verbose cache add [ 'msgpack@0.1.8', null ]
97 verbose cache add name=undefined spec="msgpack@0.1.8" args=["msgpack@0.1.8",null]
98 verbose parsed url { protocol: null,
98 verbose parsed url   slashes: null,
98 verbose parsed url   auth: null,
98 verbose parsed url   host: null,
98 verbose parsed url   port: null,
98 verbose parsed url   hostname: null,
98 verbose parsed url   hash: null,
98 verbose parsed url   search: null,
98 verbose parsed url   query: null,
98 verbose parsed url   pathname: 'msgpack@0.1.8',
98 verbose parsed url   path: 'msgpack@0.1.8',
98 verbose parsed url   href: 'msgpack@0.1.8' }
99 verbose cache add name="msgpack" spec="0.1.8" args=["msgpack","0.1.8"]
100 verbose parsed url { protocol: null,
100 verbose parsed url   slashes: null,
100 verbose parsed url   auth: null,
100 verbose parsed url   host: null,
100 verbose parsed url   port: null,
100 verbose parsed url   hostname: null,
100 verbose parsed url   hash: null,
100 verbose parsed url   search: null,
100 verbose parsed url   query: null,
100 verbose parsed url   pathname: '0.1.8',
100 verbose parsed url   path: '0.1.8',
100 verbose parsed url   href: '0.1.8' }
101 verbose addNamed [ 'msgpack', '0.1.8' ]
102 verbose addNamed [ '0.1.8', '0.1.8' ]
103 silly lockFile 2bfcf42c-msgpack-0-1-8 msgpack@0.1.8
104 verbose lock msgpack@0.1.8 /root/.npm/2bfcf42c-msgpack-0-1-8.lock
105 verbose cache add [ 'node-uuid@1.3.3', null ]
106 verbose cache add name=undefined spec="node-uuid@1.3.3" args=["node-uuid@1.3.3",null]
107 verbose parsed url { protocol: null,
107 verbose parsed url   slashes: null,
107 verbose parsed url   auth: null,
107 verbose parsed url   host: null,
107 verbose parsed url   port: null,
107 verbose parsed url   hostname: null,
107 verbose parsed url   hash: null,
107 verbose parsed url   search: null,
107 verbose parsed url   query: null,
107 verbose parsed url   pathname: 'node-uuid@1.3.3',
107 verbose parsed url   path: 'node-uuid@1.3.3',
107 verbose parsed url   href: 'node-uuid@1.3.3' }
108 verbose cache add name="node-uuid" spec="1.3.3" args=["node-uuid","1.3.3"]
109 verbose parsed url { protocol: null,
109 verbose parsed url   slashes: null,
109 verbose parsed url   auth: null,
109 verbose parsed url   host: null,
109 verbose parsed url   port: null,
109 verbose parsed url   hostname: null,
109 verbose parsed url   hash: null,
109 verbose parsed url   search: null,
109 verbose parsed url   query: null,
109 verbose parsed url   pathname: '1.3.3',
109 verbose parsed url   path: '1.3.3',
109 verbose parsed url   href: '1.3.3' }
110 verbose addNamed [ 'node-uuid', '1.3.3' ]
111 verbose addNamed [ '1.3.3', '1.3.3' ]
112 silly lockFile 90b69d15-node-uuid-1-3-3 node-uuid@1.3.3
113 verbose lock node-uuid@1.3.3 /root/.npm/90b69d15-node-uuid-1-3-3.lock
114 verbose cache add [ 'zmq@2.x', null ]
115 verbose cache add name=undefined spec="zmq@2.x" args=["zmq@2.x",null]
116 verbose parsed url { protocol: null,
116 verbose parsed url   slashes: null,
116 verbose parsed url   auth: null,
116 verbose parsed url   host: null,
116 verbose parsed url   port: null,
116 verbose parsed url   hostname: null,
116 verbose parsed url   hash: null,
116 verbose parsed url   search: null,
116 verbose parsed url   query: null,
116 verbose parsed url   pathname: 'zmq@2.x',
116 verbose parsed url   path: 'zmq@2.x',
116 verbose parsed url   href: 'zmq@2.x' }
117 verbose cache add name="zmq" spec="2.x" args=["zmq","2.x"]
118 verbose parsed url { protocol: null,
118 verbose parsed url   slashes: null,
118 verbose parsed url   auth: null,
118 verbose parsed url   host: null,
118 verbose parsed url   port: null,
118 verbose parsed url   hostname: null,
118 verbose parsed url   hash: null,
118 verbose parsed url   search: null,
118 verbose parsed url   query: null,
118 verbose parsed url   pathname: '2.x',
118 verbose parsed url   path: '2.x',
118 verbose parsed url   href: '2.x' }
119 verbose addNamed [ 'zmq', '2.x' ]
120 verbose addNamed [ null, '>=2.0.0- <3.0.0-' ]
121 silly lockFile 1919049f-zmq-2-x zmq@2.x
122 verbose lock zmq@2.x /root/.npm/1919049f-zmq-2-x.lock
123 silly addNameRange { name: 'zmq', range: '>=2.0.0- <3.0.0-', hasData: false }
124 verbose url raw underscore/1.3.3
125 verbose url resolving [ 'https://registry.npmjs.org/', './underscore/1.3.3' ]
126 verbose url resolved https://registry.npmjs.org/underscore/1.3.3
127 info trying registry request attempt 1 at 11:33:10
128 verbose etag "3F9HI5XGOVF93V8DTUP8HPFYJ"
129 http GET https://registry.npmjs.org/underscore/1.3.3
130 verbose url raw msgpack/0.1.8
131 verbose url resolving [ 'https://registry.npmjs.org/', './msgpack/0.1.8' ]
132 verbose url resolved https://registry.npmjs.org/msgpack/0.1.8
133 info trying registry request attempt 1 at 11:33:10
134 verbose etag "ASZL9CSNM8QXD7E1NWO8L5KJO"
135 http GET https://registry.npmjs.org/msgpack/0.1.8
136 verbose url raw node-uuid/1.3.3
137 verbose url resolving [ 'https://registry.npmjs.org/', './node-uuid/1.3.3' ]
138 verbose url resolved https://registry.npmjs.org/node-uuid/1.3.3
139 info trying registry request attempt 1 at 11:33:10
140 verbose etag "9JTT8EN0SHLCFGZC67OX5W6S3"
141 http GET https://registry.npmjs.org/node-uuid/1.3.3
142 verbose url raw zmq
143 verbose url resolving [ 'https://registry.npmjs.org/', './zmq' ]
144 verbose url resolved https://registry.npmjs.org/zmq
145 info trying registry request attempt 1 at 11:33:10
146 verbose etag "40L11PTWPVC641VAB57E24FO6"
147 http GET https://registry.npmjs.org/zmq
148 http 304 https://registry.npmjs.org/msgpack/0.1.8
149 silly registry.get cb [ 304,
149 silly registry.get   { server: 'CouchDB/1.3.0 (Erlang OTP/R15B03)',
149 silly registry.get     etag: '"ASZL9CSNM8QXD7E1NWO8L5KJO"',
149 silly registry.get     date: 'Fri, 28 Jun 2013 09:33:11 GMT',
149 silly registry.get     'content-length': '0' } ]
150 verbose etag msgpack/0.1.8 from cache
151 http 304 https://registry.npmjs.org/node-uuid/1.3.3
152 silly registry.get cb [ 304,
152 silly registry.get   { server: 'CouchDB/1.3.0 (Erlang OTP/R15B03)',
152 silly registry.get     etag: '"9JTT8EN0SHLCFGZC67OX5W6S3"',
152 silly registry.get     date: 'Fri, 28 Jun 2013 09:33:12 GMT',
152 silly registry.get     'content-length': '0' } ]
153 verbose etag node-uuid/1.3.3 from cache
154 http 304 https://registry.npmjs.org/zmq
155 silly registry.get cb [ 304,
155 silly registry.get   { server: 'CouchDB/1.3.0 (Erlang OTP/R15B03)',
155 silly registry.get     etag: '"40L11PTWPVC641VAB57E24FO6"',
155 silly registry.get     date: 'Fri, 28 Jun 2013 09:33:12 GMT',
155 silly registry.get     'content-length': '0' } ]
156 verbose etag zmq from cache
157 verbose read json /root/.npm/msgpack/0.1.8/package/package.json
158 verbose read json /root/.npm/node-uuid/1.3.3/package/package.json
159 silly addNameRange number 2 { name: 'zmq', range: '>=2.0.0- <3.0.0-', hasData: true }
160 silly addNameRange versions [ 'zmq',
160 silly addNameRange   [ '1.0.0',
160 silly addNameRange     '1.0.1',
160 silly addNameRange     '1.0.2',
160 silly addNameRange     '1.0.3',
160 silly addNameRange     '1.0.4',
160 silly addNameRange     '2.0.0',
160 silly addNameRange     '2.0.1',
160 silly addNameRange     '2.0.2',
160 silly addNameRange     '2.0.3',
160 silly addNameRange     '2.1.0',
160 silly addNameRange     '2.2.0',
160 silly addNameRange     '2.3.0',
160 silly addNameRange     '2.4.0' ] ]
161 verbose addNamed [ 'zmq', '2.4.0' ]
162 verbose addNamed [ '2.4.0', '2.4.0' ]
163 silly lockFile ec109f17-zmq-2-4-0 zmq@2.4.0
164 verbose lock zmq@2.4.0 /root/.npm/ec109f17-zmq-2-4-0.lock
165 verbose read json /root/.npm/zmq/2.4.0/package/package.json
166 silly lockFile 2bfcf42c-msgpack-0-1-8 msgpack@0.1.8
167 silly lockFile 2bfcf42c-msgpack-0-1-8 msgpack@0.1.8
168 silly lockFile 90b69d15-node-uuid-1-3-3 node-uuid@1.3.3
169 silly lockFile 90b69d15-node-uuid-1-3-3 node-uuid@1.3.3
170 silly lockFile ec109f17-zmq-2-4-0 zmq@2.4.0
171 silly lockFile ec109f17-zmq-2-4-0 zmq@2.4.0
172 silly lockFile 1919049f-zmq-2-x zmq@2.x
173 silly lockFile 1919049f-zmq-2-x zmq@2.x
174 http 304 https://registry.npmjs.org/underscore/1.3.3
175 silly registry.get cb [ 304,
175 silly registry.get   { server: 'CouchDB/1.3.0 (Erlang OTP/R15B03)',
175 silly registry.get     etag: '"3F9HI5XGOVF93V8DTUP8HPFYJ"',
175 silly registry.get     date: 'Fri, 28 Jun 2013 09:33:12 GMT',
175 silly registry.get     'content-length': '0' } ]
176 verbose etag underscore/1.3.3 from cache
177 verbose read json /root/.npm/underscore/1.3.3/package/package.json
178 silly lockFile 99e765c4-underscore-1-3-3 underscore@1.3.3
179 silly lockFile 99e765c4-underscore-1-3-3 underscore@1.3.3
180 silly resolved [ { name: 'msgpack',
180 silly resolved     description: 'A space-efficient object serialization library for node.js',
180 silly resolved     version: '0.1.8',
180 silly resolved     homepage: 'https://github.com/pgriess/node-msgpack',
180 silly resolved     author: { name: 'Peter Griess', email: 'pg@std.in' },
180 silly resolved     contributors: [ [Object], [Object] ],
180 silly resolved     repository:
180 silly resolved      { type: 'git',
180 silly resolved        url: 'https://github.com/pgriess/node-msgpack.git' },
180 silly resolved     main: './lib/msgpack',
180 silly resolved     directories: { lib: 'lib' },
180 silly resolved     engines: { node: '>=0.8.x' },
180 silly resolved     bin:
180 silly resolved      { json2msgpack: './bin/json2msgpack',
180 silly resolved        msgpack2json: './bin/msgpack2json' },
180 silly resolved     scripts: { install: 'node-gyp rebuild' },
180 silly resolved     gypfile: true,
180 silly resolved     readme: '`node-msgpack` is an addon for [NodeJS](http://nodejs.org) that provides an\nAPI for serializing and de-serializing JavaScript objects using the\n[MessagePack](http://msgpack.sourceforge.net) library. The performance of this\naddon compared to the native `JSON` object is quite good, and the space\nrequired for serialized data is far less than JSON.\n\n### Performance\n\n`node-msgpack` outperforms the built-in `JSON.stringify()` and `JSON.parse()`\nmethods handily. The following tests were performed with 500,000 instances of\nthe JavaScript object `{\'abcdef\' : 1, \'qqq\' : 13, \'19\' : [1, 2, 3, 4]}`:\n\n   * `JSON.stringify()` 7.17 seconds\n   * `JSON.parse(JSON.stringify())` 22.18 seconds\n   * `msgpack.pack()` 5.80 seconds\n   * `msgpack.unpack(msgpack.pack())` 8.62 seconds\n\nNote that `node-msgpack` produces and consumes Buffer objects, and a such does\nnot incur encoding/decoding overhead when performing I/O with native strings.\n\n### Usage\n\nThis module provides two methods: `pack()`, which consumes a JavaScript object\nand produces a node Buffer object; and `unpack()`, which consumes a node Buffer\nobject and produces a JavaScript object. Packing of all native JavaScript types\n(undefined, boolean, numbers, strings, arrays and objects) is supported, as\nis the node Buffer type.\n\nThe below code snippet packs and then unpacks a JavaScript object, verifying\nthe resulting object at the end using `assert.deepEqual()`.\n\n    var assert = require(\'assert\');\n    var msgpack = require(\'msgpack\');\n\n    var o = {"a" : 1, "b" : 2, "c" : [1, 2, 3]};\n    var b = msgpack.pack(o);\n    var oo = msgpack.unpack(b);\n\n    assert.deepEqual(oo, o);\n\nAs a convenience, a higher level streaming API is provided in the\n`msgpack.Stream` class, which can be constructed around a `net.Stream`\ninstance. This object emits `msg` events when an object has been received.\n\n    var msgpack = require(\'msgpack\');\n\n    // ... get a net.Stream instance, s, from somewhere\n    \n    var ms = new msgpack.Stream(s);\n    ms.addListener(\'msg\', function(m) {\n        sys.debug(\'received message: \' + sys.inspect(m));\n    });\n\n### Type Mapping\n\nThe JavaScript type system does not map cleanly on to the MsgPack type system,\nthough it\'s pretty close.\n\nWhen packing, JavaScript values are mapped to MsgPack types as follows\n\n   * `undefined` and `null` values map to `MSGPACK_OBJECT_NIL`\n   * `boolean` values map to `MSGPACK_OBJECT_BOOLEAN`\n   * `number` values map differently depending on their value\n      * Floating point values map to `MSGPACK_OBJECT_DOUBLE`\n      * Positive values map to `MSGPACK_OBJECT_POSITIVE_INTEGER`\n      * Negative values map to `MSGPACK_OBJECT_NEGATIVE_INTEGER`\n   * `string` values map to `MSGPACK_OBJECT_RAW`; all strings are serialized\n     with UTF-8 encoding\n   * Array values (as defined by `Array.isArray()`) map to\n     `MSGPACK_OBJECT_ARRAY`; each element in the array is packed individually\n     the rules in this list\n   * NodeJS Buffer values map to `MSGPACK_OBJECT_RAW`\n   * Everything else maps to `MSGPACK_OBJECT_MAP`, where we iterate over the object\'s\n     properties and pack them and their values as per the mappings in this list\n\nWhen unpacking, MsgPack types are mapped to JavaScript values as follows\n\n   * `MSGPACK_OBJECT_NIL` values map to the `null` value\n   * `MSGPACK_OBJECT_BOOLEAN` values map to `boolean` values\n   * `MSGPACK_OBJECT_POSITIVE_INTEGER`, `MSGPACK_OBJECT_NEGATIVE_INTEGER` and\n     `MSGPACK_OBJECT_DOUBLE` values map to `number` values\n   * `MSGPACK_OBJECT_ARRAY` values map to arrays; each object in the array is\n      packed individually using the rules in this list\n   * `MSGPACK_OBJECT_RAW` values are mapped to `string` values; these values are\n     unpacked using either UTF-8 or ASCII encoding, depending on the contents\n     of the raw buffer\n   * `MSGPACK_OBJECT_MAP` values are mapped to JavaScript objects; keys and values\n     are unpacked individually using the rules in this list\n\nStrings are particularly problematic here, as it\'s difficult to get hints down\ninto the packing and unpacking codepaths about how to interpret a particular\nstring or `MSGPACK_OBJECT_RAW`. If you have strict requirements about the\nencoding of your strings, it\'s recommended that you populate a Buffer object\nyourself (e.g. using `Buffer.write()`) and pack that buffer rather than the\nstring. This will ensure that you can control what gets packed.\n\nWhen unpacking, things are trickier as there is no way to know the encoding\nused when a string was packed. There is an [an open\nticket](http://github.com/msgpack/msgpack/issues/issue/13) for the MsgPack\nformat to address this.\n\n### Command Line Utilities\n\nAs a convenience and for debugging, `bin/json2msgpack` and `bin/msgpack2json`\nare provided to convert JSON data to and from MessagePack data, reading from\nstdin and writing to stdout.\n\n    % echo \'[1, 2, 3]\' | ./bin/json2msgpack | xxd -\n    0000000: 9301 0203                                ....\n    % echo \'[1, 2, 3]\' | ./bin/json2msgpack | ./bin/msgpack2json \n    [1,2,3]\n\n### Building and installation\n\nThere are two ways to install msgpack.\n\n## npm\n\n\t\tnpm install msgpack\n\nThis should build and install msgpack for you. Then just `require(\'msgpack\')`.\n\n## Manually\n\nUse `make` to build the add-on, then manually copy `build/default/mpBindings.node` \nand `lib/msgpack.js` it to wherever your node.js installation will look for it (or\nadd the build directory to your `$NODE_PATH`).\n\n    % ls\n    LICENSE  Makefile  README.md  deps/  src/  tags  test.js\n    % make\n\nThe MessagePack library on which this depends is packaged with `node-msgpack`\nand will be built as part of this process.\n\n**Note:** MessagePack may fail to build if you do not have a modern version of\ngcc in your `$PATH`. On Mac OS X Snow Leopard (10.5.x), you may have to use\n`gcc-4.2`, which should come with your box but is not used by default.\n\n    % make CC=gcc-4.2 CXX=gcc-4.2\n',
180 silly resolved     readmeFilename: 'README.md',
180 silly resolved     _id: 'msgpack@0.1.8',
180 silly resolved     _from: 'msgpack@0.1.8' },
180 silly resolved   { name: 'node-uuid',
180 silly resolved     description: 'Rigorous implementation of RFC4122 (v1 and v4) UUIDs.',
180 silly resolved     url: 'http://github.com/broofa/node-uuid',
180 silly resolved     keywords: [ 'uuid', 'guid', 'rfc4122' ],
180 silly resolved     author: { name: 'Robert Kieffer', email: 'robert@broofa.com' },
180 silly resolved     contributors: [ [Object] ],
180 silly resolved     lib: '.',
180 silly resolved     main: './uuid.js',
180 silly resolved     repository: { type: 'git', url: 'https://github.com/broofa/node-uuid.git' },
180 silly resolved     version: '1.3.3',
180 silly resolved     readme: '# node-uuid\n\nSimple, fast generation of [RFC4122](http://www.ietf.org/rfc/rfc4122.txt) UUIDS.\n\nFeatures:\n\n* Generate RFC4122 version 1 or version 4 UUIDs\n* Runs in node.js and all browsers.\n* Cryptographically strong random # generation on supporting platforms\n* 1.1K minified and gzip\'ed  (Want something smaller?  Check this [crazy shit](https://gist.github.com/982883) out! )\n* [Annotated source code](http://broofa.github.com/node-uuid/docs/uuid.html)\n\n## Getting Started\n\nInstall it in your browser:\n\n```html\n<script src="uuid.js"></script>\n```\n\nOr in node.js:\n\n```\nnpm install node-uuid\n```\n\n```javascript\nvar uuid = require(\'node-uuid\');\n```\n\nThen create some ids ...\n\n```javascript\n// Generate a v1 (time-based) id\nuuid.v1(); // -> \'6c84fb90-12c4-11e1-840d-7b25c5ee775a\'\n\n// Generate a v4 (random) id\nuuid.v4(); // -> \'110ec58a-a0f2-4ac4-8393-c866d813b8d1\'\n```\n\n## API\n\n### uuid.v1([`options` [, `buffer` [, `offset`]]])\n\nGenerate and return a RFC4122 v1 (timestamp-based) UUID.\n\n* `options` - (Object) Optional uuid state to apply. Properties may include:\n\n  * `node` - (Array) Node id as Array of 6 bytes (per 4.1.6). Default: Randomnly generated ID.  See note 1.\n  * `clockseq` - (Number between 0 - 0x3fff) RFC clock sequence.  Default: An internally maintained clockseq is used.\n  * `msecs` - (Number | Date) Time in milliseconds since unix Epoch.  Default: The current time is used.\n  * `nsecs` - (Number between 0-9999) additional time, in 100-nanosecond units. Ignored if `msecs` is unspecified. Default: internal uuid counter is used, as per 4.2.1.2.\n\n* `buffer` - (Array | Buffer) Array or buffer where UUID bytes are to be written.\n* `offset` - (Number) Starting index in `buffer` at which to begin writing.\n\nReturns `buffer`, if specified, otherwise the string form of the UUID\n\nNotes:\n\n1. The randomly generated node id is only guaranteed to stay constant for the lifetime of the current JS runtime. (Future versions of this module may use persistent storage mechanisms to extend this guarantee.)\n\nExample: Generate string UUID with fully-specified options\n\n```javascript\nuuid.v1({\n  node: [0x01, 0x23, 0x45, 0x67, 0x89, 0xab],\n  clockseq: 0x1234,\n  msecs: new Date(\'2011-11-01\').getTime(),\n  nsecs: 5678\n});   // -> "710b962e-041c-11e1-9234-0123456789ab"\n```\n\nExample: In-place generation of two binary IDs\n\n```javascript\n// Generate two ids in an array\nvar arr = new Array(32); // -> []\nuuid.v1(null, arr, 0);   // -> [02 a2 ce 90 14 32 11 e1 85 58 0b 48 8e 4f c1 15]\nuuid.v1(null, arr, 16);  // -> [02 a2 ce 90 14 32 11 e1 85 58 0b 48 8e 4f c1 15 02 a3 1c b0 14 32 11 e1 85 58 0b 48 8e 4f c1 15]\n\n// Optionally use uuid.unparse() to get stringify the ids\nuuid.unparse(buffer);    // -> \'02a2ce90-1432-11e1-8558-0b488e4fc115\'\nuuid.unparse(buffer, 16) // -> \'02a31cb0-1432-11e1-8558-0b488e4fc115\'\n```\n\n### uuid.v4([`options` [, `buffer` [, `offset`]]])\n\nGenerate and return a RFC4122 v4 UUID.\n\n* `options` - (Object) Optional uuid state to apply. Properties may include:\n\n  * `random` - (Number[16]) Array of 16 numbers (0-255) to use in place of randomly generated values\n  * `rng` - (Function) Random # generator to use.  Set to one of the built-in generators - `uuid.mathRNG` (all platforms), `uuid.nodeRNG` (node.js only), `uuid.whatwgRNG` (WebKit only) - or a custom function that returns an array[16] of byte values.\n\n* `buffer` - (Array | Buffer) Array or buffer where UUID bytes are to be written.\n* `offset` - (Number) Starting index in `buffer` at which to begin writing.\n\nReturns `buffer`, if specified, otherwise the string form of the UUID\n\nExample: Generate string UUID with fully-specified options\n\n```javascript\nuuid.v4({\n  random: [\n    0x10, 0x91, 0x56, 0xbe, 0xc4, 0xfb, 0xc1, 0xea,\n    0x71, 0xb4, 0xef, 0xe1, 0x67, 0x1c, 0x58, 0x36\n  ]\n});\n// -> "109156be-c4fb-41ea-b1b4-efe1671c5836"\n```\n\nExample: Generate two IDs in a single buffer\n\n```javascript\nvar buffer = new Array(32); // (or \'new Buffer\' in node.js)\nuuid.v4(null, buffer, 0);\nuuid.v4(null, buffer, 16);\n```\n\n### uuid.parse(id[, buffer[, offset]])\n### uuid.unparse(buffer[, offset])\n\nParse and unparse UUIDs\n\n  * `id` - (String) UUID(-like) string\n  * `buffer` - (Array | Buffer) Array or buffer where UUID bytes are to be written. Default: A new Array or Buffer is used\n  * `offset` - (Number) Starting index in `buffer` at which to begin writing. Default: 0\n\nExample parsing and unparsing a UUID string\n\n```javascript\nvar bytes = uuid.parse(\'797ff043-11eb-11e1-80d6-510998755d10\'); // -> <Buffer 79 7f f0 43 11 eb 11 e1 80 d6 51 09 98 75 5d 10>\nvar string = uuid.unparse(bytes); // -> \'797ff043-11eb-11e1-80d6-510998755d10\'\n```\n\n### uuid.noConflict()\n\n(Browsers only) Set `uuid` property back to it\'s previous value.\n\nReturns the node-uuid object.\n\nExample:\n\n```javascript\nvar myUuid = uuid.noConflict();\nmyUuid.v1(); // -> \'6c84fb90-12c4-11e1-840d-7b25c5ee775a\'\n```\n\n## Deprecated APIs\n\nSupport for the following v1.2 APIs is available in v1.3, but is deprecated and will be removed in the next major version.\n\n### uuid([format [, buffer [, offset]]])\n\nuuid() has become uuid.v4(), and the `format` argument is now implicit in the `buffer` argument. (i.e. if you specify a buffer, the format is assumed to be binary).\n\n### uuid.BufferClass\n\nThe class of container created when generating binary uuid data if no buffer argument is specified.  This is expected to go away, with no replacement API.\n\n## Testing\n\nIn node.js\n\n```\n> cd test\n> node uuid.js\n```\n\nIn Browser\n\n```\nopen test/test.html\n```\n\n### Benchmarking\n\nRequires node.js\n\n```\nnpm install uuid uuid-js\nnode test/benchmark.js\n```\n\nFor a more complete discussion of node-uuid performance, please see the `benchmark/README.md` file, and the [benchmark wiki](https://github.com/broofa/node-uuid/wiki/Benchmark)\n\nFor browser performance [checkout the JSPerf tests](http://jsperf.com/node-uuid-performance).\n\n## Release notes\n\nv1.3.2:\n* Improve tests and handling of v1() options (Issue #24)\n* Expose RNG option to allow for perf testing with different generators\n\nv1.3:\n* Support for version 1 ids, thanks to [@ctavan](https://github.com/ctavan)!\n* Support for node.js crypto API\n* De-emphasizing performance in favor of a) cryptographic quality PRNGs where available and b) more manageable code\n',
180 silly resolved     readmeFilename: 'README.md',
180 silly resolved     _id: 'node-uuid@1.3.3',
180 silly resolved     _from: 'node-uuid@1.3.3' },
180 silly resolved   { name: 'zmq',
180 silly resolved     version: '2.4.0',
180 silly resolved     description: 'Bindings for node.js to zeromq',
180 silly resolved     main: 'index',
180 silly resolved     repository:
180 silly resolved      { type: 'git',
180 silly resolved        url: 'http://github.com/JustinTulloss/zeromq.node.git' },
180 silly resolved     devDependencies: { should: '*', batch: '*', jade: '*', dox: '*', semver: '*' },
180 silly resolved     engines: { node: '>=0.7.9' },
180 silly resolved     scripts: { test: 'make test', install: 'node-gyp rebuild' },
180 silly resolved     keywords:
180 silly resolved      [ 'zeromq',
180 silly resolved        'zmq',
180 silly resolved        '0mq',
180 silly resolved        'ømq',
180 silly resolved        'libzmq',
180 silly resolved        'native',
180 silly resolved        'binding',
180 silly resolved        'addon' ],
180 silly resolved     author:
180 silly resolved      { name: 'Justin Tulloss',
180 silly resolved        email: 'justin.tulloss@gmail.com',
180 silly resolved        url: 'http://justin.harmonize.fm' },
180 silly resolved     contributors:
180 silly resolved      [ [Object],
180 silly resolved        [Object],
180 silly resolved        [Object],
180 silly resolved        [Object],
180 silly resolved        [Object],
180 silly resolved        [Object],
180 silly resolved        [Object],
180 silly resolved        [Object],
180 silly resolved        [Object],
180 silly resolved        [Object],
180 silly resolved        [Object],
180 silly resolved        [Object],
180 silly resolved        [Object],
180 silly resolved        [Object],
180 silly resolved        [Object],
180 silly resolved        [Object],
180 silly resolved        [Object],
180 silly resolved        [Object],
180 silly resolved        [Object],
180 silly resolved        [Object],
180 silly resolved        [Object],
180 silly resolved        [Object],
180 silly resolved        [Object],
180 silly resolved        [Object],
180 silly resolved        [Object] ],
180 silly resolved     gypfile: true,
180 silly resolved     readme: '[![Build Status](https://travis-ci.org/JustinTulloss/zeromq.node.png)](https://travis-ci.org/JustinTulloss/zeromq.node)\n\n# node-zeromq\n\n  [ØMQ](http://www.zeromq.org/) bindings for node.js.\n\n## Installation\n\n[Install zmq package](http://www.zeromq.org/intro:get-the-software) first.\n\n    $ npm install zmq\n\n## Example\n\nproducer.js:\n\n```js\nvar zmq = require(\'zmq\')\n  , sock = zmq.socket(\'push\');\n\nsock.bindSync(\'tcp://127.0.0.1:3000\');\nconsole.log(\'Producer bound to port 3000\');\n\nsetInterval(function(){\n  console.log(\'sending work\');\n  sock.send(\'some work\');\n}, 500);\n```\n\nworker.js:\n\n```js\n\nvar zmq = require(\'zmq\')\n  , sock = zmq.socket(\'pull\');\n\nsock.connect(\'tcp://127.0.0.1:3000\');\nconsole.log(\'Worker connected to port 3000\');\n\nsock.on(\'message\', function(msg){\n  console.log(\'work: %s\', msg.toString());\n});\n```\n\n## Running tests\n\n  Install dev deps:\n\n     $ npm install\n\n  Build:\n\n     $ make\n\n  Test:\n\n     $ make test\n',
180 silly resolved     readmeFilename: 'README.md',
180 silly resolved     _id: 'zmq@2.4.0',
180 silly resolved     _from: 'zmq@2.x' },
180 silly resolved   { name: 'underscore',
180 silly resolved     description: 'JavaScript\'s functional programming helper library.',
180 silly resolved     homepage: 'http://documentcloud.github.com/underscore/',
180 silly resolved     keywords: [ 'util', 'functional', 'server', 'client', 'browser' ],
180 silly resolved     author: { name: 'Jeremy Ashkenas', email: 'jeremy@documentcloud.org' },
180 silly resolved     repository:
180 silly resolved      { type: 'git',
180 silly resolved        url: 'git://github.com/documentcloud/underscore.git' },
180 silly resolved     main: 'underscore.js',
180 silly resolved     version: '1.3.3',
180 silly resolved     readme: '                       __                                                         \n                      /\\ \\                                                         __           \n     __  __    ___    \\_\\ \\     __   _ __   ____    ___    ___   _ __    __       /\\_\\    ____  \n    /\\ \\/\\ \\ /\' _ `\\  /\'_  \\  /\'__`\\/\\  __\\/ ,__\\  / ___\\ / __`\\/\\  __\\/\'__`\\     \\/\\ \\  /\',__\\ \n    \\ \\ \\_\\ \\/\\ \\/\\ \\/\\ \\ \\ \\/\\  __/\\ \\ \\//\\__, `\\/\\ \\__//\\ \\ \\ \\ \\ \\//\\  __/  __  \\ \\ \\/\\__, `\\\n     \\ \\____/\\ \\_\\ \\_\\ \\___,_\\ \\____\\\\ \\_\\\\/\\____/\\ \\____\\ \\____/\\ \\_\\\\ \\____\\/\\_\\ _\\ \\ \\/\\____/\n      \\/___/  \\/_/\\/_/\\/__,_ /\\/____/ \\/_/ \\/___/  \\/____/\\/___/  \\/_/ \\/____/\\/_//\\ \\_\\ \\/___/ \n                                                                                  \\ \\____/      \n                                                                                   \\/___/\n                                                                               \nUnderscore.js is a utility-belt library for JavaScript that provides \nsupport for the usual functional suspects (each, map, reduce, filter...) \nwithout extending any core JavaScript objects.\n\nFor Docs, License, Tests, and pre-packed downloads, see:\nhttp://documentcloud.github.com/underscore/\n\nMany thanks to our contributors:\nhttps://github.com/documentcloud/underscore/contributors\n',
180 silly resolved     readmeFilename: 'README.md',
180 silly resolved     _id: 'underscore@1.3.3',
180 silly resolved     _from: 'underscore@1.3.3' } ]
181 info install msgpack@0.1.8 into /home/pi/dontpanic/node_modules/zerorpc
182 info install node-uuid@1.3.3 into /home/pi/dontpanic/node_modules/zerorpc
183 info install zmq@2.4.0 into /home/pi/dontpanic/node_modules/zerorpc
184 info install underscore@1.3.3 into /home/pi/dontpanic/node_modules/zerorpc
185 info installOne msgpack@0.1.8
186 info installOne node-uuid@1.3.3
187 info installOne zmq@2.4.0
188 info installOne underscore@1.3.3
189 verbose from cache /root/.npm/msgpack/0.1.8/package/package.json
190 info /home/pi/dontpanic/node_modules/zerorpc/node_modules/msgpack unbuild
191 verbose read json /home/pi/dontpanic/node_modules/zerorpc/node_modules/msgpack/package.json
192 verbose from cache /root/.npm/node-uuid/1.3.3/package/package.json
193 info /home/pi/dontpanic/node_modules/zerorpc/node_modules/node-uuid unbuild
194 verbose read json /home/pi/dontpanic/node_modules/zerorpc/node_modules/node-uuid/package.json
195 verbose from cache /root/.npm/zmq/2.4.0/package/package.json
196 info /home/pi/dontpanic/node_modules/zerorpc/node_modules/zmq unbuild
197 verbose read json /home/pi/dontpanic/node_modules/zerorpc/node_modules/zmq/package.json
198 verbose from cache /root/.npm/underscore/1.3.3/package/package.json
199 info /home/pi/dontpanic/node_modules/zerorpc/node_modules/underscore unbuild
200 verbose read json /home/pi/dontpanic/node_modules/zerorpc/node_modules/underscore/package.json
201 verbose tar unpack /root/.npm/msgpack/0.1.8/package.tgz
202 silly lockFile cee12a3e-les-zerorpc-node-modules-msgpack /home/pi/dontpanic/node_modules/zerorpc/node_modules/msgpack
203 verbose lock /home/pi/dontpanic/node_modules/zerorpc/node_modules/msgpack /root/.npm/cee12a3e-les-zerorpc-node-modules-msgpack.lock
204 silly lockFile dd994317-ot-npm-msgpack-0-1-8-package-tgz /root/.npm/msgpack/0.1.8/package.tgz
205 verbose lock /root/.npm/msgpack/0.1.8/package.tgz /root/.npm/dd994317-ot-npm-msgpack-0-1-8-package-tgz.lock
206 verbose tar unpack /root/.npm/node-uuid/1.3.3/package.tgz
207 silly lockFile 742b92dd-s-zerorpc-node-modules-node-uuid /home/pi/dontpanic/node_modules/zerorpc/node_modules/node-uuid
208 verbose lock /home/pi/dontpanic/node_modules/zerorpc/node_modules/node-uuid /root/.npm/742b92dd-s-zerorpc-node-modules-node-uuid.lock
209 silly lockFile 54ce8c34--npm-node-uuid-1-3-3-package-tgz /root/.npm/node-uuid/1.3.3/package.tgz
210 verbose lock /root/.npm/node-uuid/1.3.3/package.tgz /root/.npm/54ce8c34--npm-node-uuid-1-3-3-package-tgz.lock
211 verbose tar unpack /root/.npm/zmq/2.4.0/package.tgz
212 silly lockFile 76ff9279-modules-zerorpc-node-modules-zmq /home/pi/dontpanic/node_modules/zerorpc/node_modules/zmq
213 verbose lock /home/pi/dontpanic/node_modules/zerorpc/node_modules/zmq /root/.npm/76ff9279-modules-zerorpc-node-modules-zmq.lock
214 silly lockFile efa19607-root-npm-zmq-2-4-0-package-tgz /root/.npm/zmq/2.4.0/package.tgz
215 verbose lock /root/.npm/zmq/2.4.0/package.tgz /root/.npm/efa19607-root-npm-zmq-2-4-0-package-tgz.lock
216 verbose tar unpack /root/.npm/underscore/1.3.3/package.tgz
217 silly lockFile b3e06189--zerorpc-node-modules-underscore /home/pi/dontpanic/node_modules/zerorpc/node_modules/underscore
218 verbose lock /home/pi/dontpanic/node_modules/zerorpc/node_modules/underscore /root/.npm/b3e06189--zerorpc-node-modules-underscore.lock
219 silly lockFile 8e8566b2-npm-underscore-1-3-3-package-tgz /root/.npm/underscore/1.3.3/package.tgz
220 verbose lock /root/.npm/underscore/1.3.3/package.tgz /root/.npm/8e8566b2-npm-underscore-1-3-3-package-tgz.lock
221 silly gunzTarPerm modes [ '755', '644' ]
222 silly gunzTarPerm modes [ '755', '644' ]
223 silly gunzTarPerm modes [ '755', '644' ]
224 silly gunzTarPerm modes [ '755', '644' ]
225 silly gunzTarPerm extractEntry package.json
226 silly gunzTarPerm extractEntry package.json
227 silly gunzTarPerm extractEntry package.json
228 silly gunzTarPerm extractEntry package.json
229 silly gunzTarPerm extractEntry .npmignore
230 silly gunzTarPerm extractEntry README.md
231 silly gunzTarPerm extractEntry .npmignore
232 silly gunzTarPerm extractEntry README.md
233 silly gunzTarPerm extractEntry .npmignore
234 silly gunzTarPerm extractEntry README.md
235 silly gunzTarPerm extractEntry .npmignore
236 silly gunzTarPerm extractEntry README.md
237 silly gunzTarPerm extractEntry LICENSE
238 silly gunzTarPerm extractEntry bench.js
239 silly gunzTarPerm extractEntry LICENSE
240 silly gunzTarPerm extractEntry underscore-min.js
241 silly gunzTarPerm extractEntry uuid.js
242 silly gunzTarPerm extractEntry LICENSE.md
243 silly gunzTarPerm extractEntry benchmark/README.md
244 silly gunzTarPerm extractEntry benchmark/benchmark.js
245 silly gunzTarPerm extractEntry benchmark/bench.gnu
246 silly gunzTarPerm extractEntry benchmark/bench.sh
247 silly gunzTarPerm extractEntry benchmark/benchmark-native.c
248 silly gunzTarPerm extractEntry test/compare_v1.js
249 silly gunzTarPerm extractEntry test/test.js
250 silly gunzTarPerm extractEntry test/test.html
251 silly gunzTarPerm extractEntry LICENSE
252 silly gunzTarPerm extractEntry index.js
253 silly gunzTarPerm extractEntry test/test-stream-disjoint.js
254 silly gunzTarPerm extractEntry test/test-stream.js
255 silly gunzTarPerm extractEntry index.js
256 silly gunzTarPerm extractEntry History.md
257 silly gunzTarPerm extractEntry binding.cc
258 silly gunzTarPerm extractEntry underscore.js
259 silly gunzTarPerm extractEntry CNAME
260 silly gunzTarPerm extractEntry binding.gyp
261 silly gunzTarPerm extractEntry test/test-unpack-extra.js
262 silly gunzTarPerm extractEntry test/test.js
263 silly gunzTarPerm extractEntry raw/underscore.psd
264 silly gunzTarPerm extractEntry favicon.ico
265 silly gunzTarPerm extractEntry .travis.yml
266 silly gunzTarPerm extractEntry examples/dealer_router.js
267 silly gunzTarPerm extractEntry deps/msgpack/LICENSE
268 silly gunzTarPerm extractEntry deps/msgpack/msgpack.hpp
269 silly gunzTarPerm extractEntry examples/pub_sub.js
270 silly gunzTarPerm extractEntry examples/push_pull.js
271 silly gunzTarPerm extractEntry deps/msgpack/AUTHORS
272 silly gunzTarPerm extractEntry deps/msgpack/gcc_atomic.cpp
273 silly gunzTarPerm extractEntry examples/rep_req.js
274 silly gunzTarPerm extractEntry examples/req_rep.js
275 silly gunzTarPerm extractEntry deps/msgpack/msgpack/unpack.h
276 silly gunzTarPerm extractEntry deps/msgpack/msgpack/object.h
277 silly gunzTarPerm extractEntry index.html
278 silly gunzTarPerm extractEntry deps/msgpack/msgpack/pack.h
279 silly gunzTarPerm extractEntry deps/msgpack/msgpack/pack.hpp
280 silly gunzTarPerm extractEntry deps/msgpack/msgpack/pack_define.h
281 silly gunzTarPerm extractEntry deps/msgpack/msgpack/pack_template.h
282 silly gunzTarPerm extractEntry deps/msgpack/msgpack/sbuffer.h
283 silly gunzTarPerm extractEntry deps/msgpack/msgpack/sbuffer.hpp
284 silly gunzTarPerm extractEntry examples/router_dealer.js
285 silly gunzTarPerm extractEntry examples/rpc.js
286 silly gunzTarPerm extractEntry deps/msgpack/msgpack/sysdep.h
287 silly gunzTarPerm extractEntry deps/msgpack/msgpack/type/nil.hpp
288 silly gunzTarPerm extractEntry examples/devices/forwarder.js
289 silly gunzTarPerm extractEntry examples/devices/queue.js
290 silly gunzTarPerm extractEntry deps/msgpack/msgpack/type/bool.hpp
291 silly gunzTarPerm extractEntry deps/msgpack/msgpack/type/deque.hpp
292 silly gunzTarPerm extractEntry examples/devices/streamer.js
293 silly gunzTarPerm extractEntry examples/workers/producer.js
294 silly gunzTarPerm extractEntry deps/msgpack/msgpack/type/fixint.hpp
295 silly gunzTarPerm extractEntry deps/msgpack/msgpack/type/float.hpp
296 silly gunzTarPerm extractEntry deps/msgpack/msgpack/type/int.hpp
297 silly gunzTarPerm extractEntry deps/msgpack/msgpack/type/list.hpp
298 silly gunzTarPerm extractEntry examples/workers/worker.js
299 silly gunzTarPerm extractEntry windows/include/zmq.h
300 verbose read json /home/pi/dontpanic/node_modules/zerorpc/node_modules/node-uuid/package.json
301 silly gunzTarPerm extractEntry windows/include/zmq_utils.h
302 silly gunzTarPerm extractEntry windows/lib/x64/libzmq-v100-mt-3_2_2.dll
303 silly lockFile 742b92dd-s-zerorpc-node-modules-node-uuid /home/pi/dontpanic/node_modules/zerorpc/node_modules/node-uuid
304 silly lockFile 742b92dd-s-zerorpc-node-modules-node-uuid /home/pi/dontpanic/node_modules/zerorpc/node_modules/node-uuid
305 silly lockFile 54ce8c34--npm-node-uuid-1-3-3-package-tgz /root/.npm/node-uuid/1.3.3/package.tgz
306 silly lockFile 54ce8c34--npm-node-uuid-1-3-3-package-tgz /root/.npm/node-uuid/1.3.3/package.tgz
307 silly gunzTarPerm extractEntry deps/msgpack/msgpack/type/map.hpp
308 silly gunzTarPerm extractEntry deps/msgpack/msgpack/type/define.hpp
309 info preinstall node-uuid@1.3.3
310 verbose from cache /home/pi/dontpanic/node_modules/zerorpc/node_modules/node-uuid/package.json
311 verbose readDependencies using package.json deps
312 verbose from cache /home/pi/dontpanic/node_modules/zerorpc/node_modules/node-uuid/package.json
313 verbose readDependencies using package.json deps
314 silly resolved []
315 verbose about to build /home/pi/dontpanic/node_modules/zerorpc/node_modules/node-uuid
316 info build /home/pi/dontpanic/node_modules/zerorpc/node_modules/node-uuid
317 verbose from cache /home/pi/dontpanic/node_modules/zerorpc/node_modules/node-uuid/package.json
318 verbose linkStuff [ false,
318 verbose linkStuff   false,
318 verbose linkStuff   false,
318 verbose linkStuff   '/home/pi/dontpanic/node_modules/zerorpc/node_modules' ]
319 info linkStuff node-uuid@1.3.3
320 verbose linkBins node-uuid@1.3.3
321 verbose linkMans node-uuid@1.3.3
322 verbose rebuildBundles node-uuid@1.3.3
323 info install node-uuid@1.3.3
324 info postinstall node-uuid@1.3.3
325 silly gunzTarPerm extractEntry deps/msgpack/msgpack/type/pair.hpp
326 silly gunzTarPerm extractEntry deps/msgpack/msgpack/type/raw.hpp
327 silly gunzTarPerm extractEntry windows/lib/x64/libzmq-v100-mt-3_2_2.lib
328 silly gunzTarPerm extractEntry windows/lib/x86/libzmq-v100-mt-3_2_2.dll
329 silly gunzTarPerm extractEntry deps/msgpack/msgpack/type/set.hpp
330 silly gunzTarPerm extractEntry deps/msgpack/msgpack/type/string.hpp
331 silly gunzTarPerm extractEntry windows/lib/x86/libzmq-v100-mt-3_2_2.lib
332 silly gunzTarPerm extractEntry lib/index.js
333 silly gunzTarPerm extractEntry Makefile
334 silly gunzTarPerm extractEntry perf/local_lat.js
335 silly gunzTarPerm extractEntry perf/local_thr.js
336 silly gunzTarPerm extractEntry deps/msgpack/msgpack/type/tr1/unordered_map.hpp
337 silly gunzTarPerm extractEntry deps/msgpack/msgpack/type/tr1/unordered_set.hpp
338 silly gunzTarPerm extractEntry perf/remote_lat.js
339 silly gunzTarPerm extractEntry perf/remote_thr.js
340 silly gunzTarPerm extractEntry test/run.js
341 silly gunzTarPerm extractEntry test/test.socket.events.js
342 silly gunzTarPerm extractEntry test/test.socket.js
343 silly gunzTarPerm extractEntry test/test.socket.messages.js
344 silly gunzTarPerm extractEntry test/test.gc.js
345 silly gunzTarPerm extractEntry test/test.socket.multipart.sndmore.js
346 silly gunzTarPerm extractEntry test/test.socket.pub-sub.filter.js
347 silly gunzTarPerm extractEntry test/test.socket.pub-sub.js
348 silly gunzTarPerm extractEntry test/test.socket.req-rep.js
349 silly gunzTarPerm extractEntry test/test.socket.req-rep.multiple.js
350 silly gunzTarPerm extractEntry test/test.exports.js
351 silly gunzTarPerm extractEntry test/test.socket.router.unroutable.js
352 silly gunzTarPerm extractEntry test/test.socket.multipart.message.js
353 silly gunzTarPerm extractEntry docs/highlight.js
354 silly gunzTarPerm extractEntry docs/menu.js
355 silly gunzTarPerm extractEntry docs/index.html
356 silly gunzTarPerm extractEntry docs/index.json
357 silly gunzTarPerm extractEntry docs/style.css
358 silly gunzTarPerm extractEntry docs/template.jade
359 silly gunzTarPerm extractEntry deps/msgpack/msgpack/type/tuple.hpp
360 silly gunzTarPerm extractEntry deps/msgpack/msgpack/type/vector.hpp
361 silly gunzTarPerm extractEntry deps/msgpack/msgpack/type.hpp
362 silly gunzTarPerm extractEntry deps/msgpack/msgpack/object.hpp
363 silly gunzTarPerm extractEntry deps/msgpack/msgpack/unpack.hpp
364 silly gunzTarPerm extractEntry deps/msgpack/msgpack/unpack_define.h
365 silly gunzTarPerm extractEntry deps/msgpack/msgpack/unpack_template.h
366 silly gunzTarPerm extractEntry deps/msgpack/msgpack/version.h
367 silly gunzTarPerm extractEntry deps/msgpack/msgpack/vrefbuffer.h
368 silly gunzTarPerm extractEntry deps/msgpack/msgpack/vrefbuffer.hpp
369 silly gunzTarPerm extractEntry deps/msgpack/msgpack/zbuffer.h
370 silly gunzTarPerm extractEntry deps/msgpack/msgpack/zbuffer.hpp
371 silly gunzTarPerm extractEntry deps/msgpack/msgpack/zone.h
372 silly gunzTarPerm extractEntry deps/msgpack/msgpack/zone.hpp
373 silly gunzTarPerm extractEntry deps/msgpack/msgpack.gyp
374 silly gunzTarPerm extractEntry deps/msgpack/msgpack.h
375 silly gunzTarPerm extractEntry deps/msgpack/COPYING
376 silly gunzTarPerm extractEntry deps/msgpack/object.cpp
377 silly gunzTarPerm extractEntry deps/msgpack/objectc.c
378 silly gunzTarPerm extractEntry deps/msgpack/unpack.c
379 silly gunzTarPerm extractEntry deps/msgpack/version.c
380 silly gunzTarPerm extractEntry deps/msgpack/vrefbuffer.c
381 silly gunzTarPerm extractEntry deps/msgpack/zone.c
382 silly gunzTarPerm extractEntry lib/msgpack.js
383 silly gunzTarPerm extractEntry bin/json2msgpack
384 silly gunzTarPerm extractEntry bin/msgpack2json
385 silly gunzTarPerm extractEntry src/msgpack.cc
386 silly gunzTarPerm extractEntry binding.gyp
387 verbose read json /home/pi/dontpanic/node_modules/zerorpc/node_modules/underscore/package.json
388 silly lockFile b3e06189--zerorpc-node-modules-underscore /home/pi/dontpanic/node_modules/zerorpc/node_modules/underscore
389 silly lockFile b3e06189--zerorpc-node-modules-underscore /home/pi/dontpanic/node_modules/zerorpc/node_modules/underscore
390 silly lockFile 8e8566b2-npm-underscore-1-3-3-package-tgz /root/.npm/underscore/1.3.3/package.tgz
391 silly lockFile 8e8566b2-npm-underscore-1-3-3-package-tgz /root/.npm/underscore/1.3.3/package.tgz
392 info preinstall underscore@1.3.3
393 verbose from cache /home/pi/dontpanic/node_modules/zerorpc/node_modules/underscore/package.json
394 verbose readDependencies using package.json deps
395 verbose from cache /home/pi/dontpanic/node_modules/zerorpc/node_modules/underscore/package.json
396 verbose readDependencies using package.json deps
397 silly resolved []
398 verbose about to build /home/pi/dontpanic/node_modules/zerorpc/node_modules/underscore
399 info build /home/pi/dontpanic/node_modules/zerorpc/node_modules/underscore
400 verbose from cache /home/pi/dontpanic/node_modules/zerorpc/node_modules/underscore/package.json
401 verbose linkStuff [ false,
401 verbose linkStuff   false,
401 verbose linkStuff   false,
401 verbose linkStuff   '/home/pi/dontpanic/node_modules/zerorpc/node_modules' ]
402 info linkStuff underscore@1.3.3
403 verbose linkBins underscore@1.3.3
404 verbose linkMans underscore@1.3.3
405 verbose rebuildBundles underscore@1.3.3
406 info install underscore@1.3.3
407 info postinstall underscore@1.3.3
408 verbose read json /home/pi/dontpanic/node_modules/zerorpc/node_modules/zmq/package.json
409 silly lockFile 76ff9279-modules-zerorpc-node-modules-zmq /home/pi/dontpanic/node_modules/zerorpc/node_modules/zmq
410 silly lockFile 76ff9279-modules-zerorpc-node-modules-zmq /home/pi/dontpanic/node_modules/zerorpc/node_modules/zmq
411 silly lockFile efa19607-root-npm-zmq-2-4-0-package-tgz /root/.npm/zmq/2.4.0/package.tgz
412 silly lockFile efa19607-root-npm-zmq-2-4-0-package-tgz /root/.npm/zmq/2.4.0/package.tgz
413 info preinstall zmq@2.4.0
414 verbose from cache /home/pi/dontpanic/node_modules/zerorpc/node_modules/zmq/package.json
415 verbose readDependencies using package.json deps
416 verbose from cache /home/pi/dontpanic/node_modules/zerorpc/node_modules/zmq/package.json
417 verbose readDependencies using package.json deps
418 silly resolved []
419 verbose about to build /home/pi/dontpanic/node_modules/zerorpc/node_modules/zmq
420 info build /home/pi/dontpanic/node_modules/zerorpc/node_modules/zmq
421 verbose from cache /home/pi/dontpanic/node_modules/zerorpc/node_modules/zmq/package.json
422 verbose linkStuff [ false,
422 verbose linkStuff   false,
422 verbose linkStuff   false,
422 verbose linkStuff   '/home/pi/dontpanic/node_modules/zerorpc/node_modules' ]
423 info linkStuff zmq@2.4.0
424 verbose linkBins zmq@2.4.0
425 verbose linkMans zmq@2.4.0
426 verbose rebuildBundles zmq@2.4.0
427 info install zmq@2.4.0
428 verbose unsafe-perm in lifecycle false
429 verbose set uid from=0 to=1000
430 silly exec sh "-c" "node-gyp rebuild"
431 silly sh,-c,node-gyp rebuild,/home/pi/dontpanic/node_modules/zerorpc/node_modules/zmq spawning
432 verbose read json /home/pi/dontpanic/node_modules/zerorpc/node_modules/msgpack/package.json
433 silly lockFile cee12a3e-les-zerorpc-node-modules-msgpack /home/pi/dontpanic/node_modules/zerorpc/node_modules/msgpack
434 silly lockFile cee12a3e-les-zerorpc-node-modules-msgpack /home/pi/dontpanic/node_modules/zerorpc/node_modules/msgpack
435 silly lockFile dd994317-ot-npm-msgpack-0-1-8-package-tgz /root/.npm/msgpack/0.1.8/package.tgz
436 silly lockFile dd994317-ot-npm-msgpack-0-1-8-package-tgz /root/.npm/msgpack/0.1.8/package.tgz
437 info preinstall msgpack@0.1.8
438 verbose from cache /home/pi/dontpanic/node_modules/zerorpc/node_modules/msgpack/package.json
439 verbose readDependencies using package.json deps
440 verbose from cache /home/pi/dontpanic/node_modules/zerorpc/node_modules/msgpack/package.json
441 verbose readDependencies using package.json deps
442 silly resolved []
443 verbose about to build /home/pi/dontpanic/node_modules/zerorpc/node_modules/msgpack
444 info build /home/pi/dontpanic/node_modules/zerorpc/node_modules/msgpack
445 verbose from cache /home/pi/dontpanic/node_modules/zerorpc/node_modules/msgpack/package.json
446 verbose linkStuff [ false,
446 verbose linkStuff   false,
446 verbose linkStuff   false,
446 verbose linkStuff   '/home/pi/dontpanic/node_modules/zerorpc/node_modules' ]
447 info linkStuff msgpack@0.1.8
448 verbose linkBins msgpack@0.1.8
449 verbose link bins [ { json2msgpack: './bin/json2msgpack',
449 verbose link bins     msgpack2json: './bin/msgpack2json' },
449 verbose link bins   '/home/pi/dontpanic/node_modules/zerorpc/node_modules/.bin',
449 verbose link bins   false ]
450 verbose linkMans msgpack@0.1.8
451 verbose rebuildBundles msgpack@0.1.8
452 info install msgpack@0.1.8
453 verbose unsafe-perm in lifecycle false
454 verbose set uid from=0 to=1000
455 silly exec sh "-c" "node-gyp rebuild"
456 silly sh,-c,node-gyp rebuild,/home/pi/dontpanic/node_modules/zerorpc/node_modules/msgpack spawning
457 info zmq@2.4.0 Failed to exec install script
458 info /home/pi/dontpanic/node_modules/zerorpc/node_modules/zmq unbuild
459 verbose from cache /home/pi/dontpanic/node_modules/zerorpc/node_modules/zmq/package.json
460 info preuninstall zmq@2.4.0
461 info uninstall zmq@2.4.0
462 verbose false,/home/pi/dontpanic/node_modules,/home/pi/dontpanic/node_modules/zerorpc/node_modules unbuild zmq@2.4.0
463 info postuninstall zmq@2.4.0
464 verbose about to build /home/pi/dontpanic/node_modules/zerorpc
465 info /home/pi/dontpanic/node_modules/zerorpc unbuild
466 verbose from cache /home/pi/dontpanic/node_modules/zerorpc/package.json
467 info preuninstall zerorpc@0.9.3
468 info uninstall zerorpc@0.9.3
469 verbose true,/home/pi/dontpanic/node_modules,/home/pi/dontpanic/node_modules unbuild zerorpc@0.9.3
470 info postuninstall zerorpc@0.9.3
471 error zmq@2.4.0 install: `node-gyp rebuild`
471 error `sh "-c" "node-gyp rebuild"` failed with 1
472 error Failed at the zmq@2.4.0 install script.
472 error This is most likely a problem with the zmq package,
472 error not with npm itself.
472 error Tell the author that this fails on your system:
472 error     node-gyp rebuild
472 error You can get their info via:
472 error     npm owner ls zmq
472 error There is likely additional logging output above.
473 error System Linux 3.6.11+
474 error command "/usr/local/bin/node" "/usr/local/bin/npm" "install" "zerorpc"
475 error cwd /home/pi/dontpanic
476 error node -v v0.10.2
477 error npm -v 1.2.15
478 error code ELIFECYCLE
479 verbose exit [ 1, true ]
